   Compiling annotator v0.1.0 (/Users/jacobvaught/RUST/annotator)
error: failed to run custom build command for `annotator v0.1.0 (/Users/jacobvaught/RUST/annotator)`

Caused by:
  process didn't exit successfully: `/Users/jacobvaught/RUST/annotator/target/debug/build/annotator-ae3f39908ea609ca/build-script-build` (exit status: 101)
  --- stderr
  error: Duplicated property binding
     --> /Users/jacobvaught/RUST/annotator/ui/appwindow.slint:139:30
      |
  139 |                              x: parent.cx + (-parent.hw * parent.cos-rot - -parent.hh * parent.sin-rot);
      |                              ^
  error: Element 'Path' does not have a property 'cx'
     --> /Users/jacobvaught/RUST/annotator/ui/appwindow.slint:121:39
      |
  121 |                             x: parent.cx + (parent.hw * parent.cos-rot - parent.hh * parent.sin-rot); // Rotated relative to center?
      |                                       ^
  error: Element 'Path' does not have a property 'hw'
     --> /Users/jacobvaught/RUST/annotator/ui/appwindow.slint:121:52
      |
  121 |                             x: parent.cx + (parent.hw * parent.cos-rot - parent.hh * parent.sin-rot); // Rotated relative to center?
      |                                                    ^
  error: Element 'Path' does not have a property 'cos-rot'
     --> /Users/jacobvaught/RUST/annotator/ui/appwindow.slint:121:64
      |
  121 |                             x: parent.cx + (parent.hw * parent.cos-rot - parent.hh * parent.sin-rot); // Rotated relative to center?
      |                                                                ^
  error: Element 'Path' does not have a property 'hh'
     --> /Users/jacobvaught/RUST/annotator/ui/appwindow.slint:121:81
      |
  121 |                             x: parent.cx + (parent.hw * parent.cos-rot - parent.hh * parent.sin-rot); // Rotated relative to center?
      |                                                                                 ^
  error: Element 'Path' does not have a property 'sin-rot'
     --> /Users/jacobvaught/RUST/annotator/ui/appwindow.slint:121:93
      |
  121 |                             x: parent.cx + (parent.hw * parent.cos-rot - parent.hh * parent.sin-rot); // Rotated relative to center?
      |                                                                                             ^
  error: Element 'Path' does not have a property 'cy'
     --> /Users/jacobvaught/RUST/annotator/ui/appwindow.slint:140:40
      |
  140 |                              y: parent.cy + (-parent.hw * parent.sin-rot + -parent.hh * parent.cos-rot);
      |                                        ^
  error: Element 'Path' does not have a property 'hw'
     --> /Users/jacobvaught/RUST/annotator/ui/appwindow.slint:140:54
      |
  140 |                              y: parent.cy + (-parent.hw * parent.sin-rot + -parent.hh * parent.cos-rot);
      |                                                      ^
  error: Element 'Path' does not have a property 'sin-rot'
     --> /Users/jacobvaught/RUST/annotator/ui/appwindow.slint:140:66
      |
  140 |                              y: parent.cy + (-parent.hw * parent.sin-rot + -parent.hh * parent.cos-rot);
      |                                                                  ^
  error: Element 'Path' does not have a property 'hh'
     --> /Users/jacobvaught/RUST/annotator/ui/appwindow.slint:140:84
      |
  140 |                              y: parent.cy + (-parent.hw * parent.sin-rot + -parent.hh * parent.cos-rot);
      |                                                                                    ^
  error: Element 'Path' does not have a property 'cos-rot'
     --> /Users/jacobvaught/RUST/annotator/ui/appwindow.slint:140:96
      |
  140 |                              y: parent.cy + (-parent.hw * parent.sin-rot + -parent.hh * parent.cos-rot);
      |                                                                                                ^
  error: Element 'Path' does not have a property 'cx'
     --> /Users/jacobvaught/RUST/annotator/ui/appwindow.slint:143:39
      |
  143 |                             x: parent.cx + (parent.hw * parent.cos-rot - -parent.hh * parent.sin-rot);
      |                                       ^
  error: Element 'Path' does not have a property 'hw'
     --> /Users/jacobvaught/RUST/annotator/ui/appwindow.slint:143:52
      |
  143 |                             x: parent.cx + (parent.hw * parent.cos-rot - -parent.hh * parent.sin-rot);
      |                                                    ^
  error: Element 'Path' does not have a property 'cos-rot'
     --> /Users/jacobvaught/RUST/annotator/ui/appwindow.slint:143:64
      |
  143 |                             x: parent.cx + (parent.hw * parent.cos-rot - -parent.hh * parent.sin-rot);
      |                                                                ^
  error: Element 'Path' does not have a property 'hh'
     --> /Users/jacobvaught/RUST/annotator/ui/appwindow.slint:143:82
      |
  143 |                             x: parent.cx + (parent.hw * parent.cos-rot - -parent.hh * parent.sin-rot);
      |                                                                                  ^
  error: Element 'Path' does not have a property 'sin-rot'
     --> /Users/jacobvaught/RUST/annotator/ui/appwindow.slint:143:94
      |
  143 |                             x: parent.cx + (parent.hw * parent.cos-rot - -parent.hh * parent.sin-rot);
      |                                                                                              ^
  error: Element 'Path' does not have a property 'cy'
     --> /Users/jacobvaught/RUST/annotator/ui/appwindow.slint:144:39
      |
  144 |                             y: parent.cy + (parent.hw * parent.sin-rot + -parent.hh * parent.cos-rot);
      |                                       ^
  error: Element 'Path' does not have a property 'hw'
     --> /Users/jacobvaught/RUST/annotator/ui/appwindow.slint:144:52
      |
  144 |                             y: parent.cy + (parent.hw * parent.sin-rot + -parent.hh * parent.cos-rot);
      |                                                    ^
  error: Element 'Path' does not have a property 'sin-rot'
     --> /Users/jacobvaught/RUST/annotator/ui/appwindow.slint:144:64
      |
  144 |                             y: parent.cy + (parent.hw * parent.sin-rot + -parent.hh * parent.cos-rot);
      |                                                                ^
  error: Element 'Path' does not have a property 'hh'
     --> /Users/jacobvaught/RUST/annotator/ui/appwindow.slint:144:82
      |
  144 |                             y: parent.cy + (parent.hw * parent.sin-rot + -parent.hh * parent.cos-rot);
      |                                                                                  ^
  error: Element 'Path' does not have a property 'cos-rot'
     --> /Users/jacobvaught/RUST/annotator/ui/appwindow.slint:144:94
      |
  144 |                             y: parent.cy + (parent.hw * parent.sin-rot + -parent.hh * parent.cos-rot);
      |                                                                                              ^
  error: Element 'Path' does not have a property 'cx'
     --> /Users/jacobvaught/RUST/annotator/ui/appwindow.slint:147:39
      |
  147 |                             x: parent.cx + (parent.hw * parent.cos-rot - parent.hh * parent.sin-rot);
      |                                       ^
  error: Element 'Path' does not have a property 'hw'
     --> /Users/jacobvaught/RUST/annotator/ui/appwindow.slint:147:52
      |
  147 |                             x: parent.cx + (parent.hw * parent.cos-rot - parent.hh * parent.sin-rot);
      |                                                    ^
  error: Element 'Path' does not have a property 'cos-rot'
     --> /Users/jacobvaught/RUST/annotator/ui/appwindow.slint:147:64
      |
  147 |                             x: parent.cx + (parent.hw * parent.cos-rot - parent.hh * parent.sin-rot);
      |                                                                ^
  error: Element 'Path' does not have a property 'hh'
     --> /Users/jacobvaught/RUST/annotator/ui/appwindow.slint:147:81
      |
  147 |                             x: parent.cx + (parent.hw * parent.cos-rot - parent.hh * parent.sin-rot);
      |                                                                                 ^
  error: Element 'Path' does not have a property 'sin-rot'
     --> /Users/jacobvaught/RUST/annotator/ui/appwindow.slint:147:93
      |
  147 |                             x: parent.cx + (parent.hw * parent.cos-rot - parent.hh * parent.sin-rot);
      |                                                                                             ^
  error: Element 'Path' does not have a property 'cy'
     --> /Users/jacobvaught/RUST/annotator/ui/appwindow.slint:148:39
      |
  148 |                             y: parent.cy + (parent.hw * parent.sin-rot + parent.hh * parent.cos-rot);
      |                                       ^
  error: Element 'Path' does not have a property 'hw'
     --> /Users/jacobvaught/RUST/annotator/ui/appwindow.slint:148:52
      |
  148 |                             y: parent.cy + (parent.hw * parent.sin-rot + parent.hh * parent.cos-rot);
      |                                                    ^
  error: Element 'Path' does not have a property 'sin-rot'
     --> /Users/jacobvaught/RUST/annotator/ui/appwindow.slint:148:64
      |
  148 |                             y: parent.cy + (parent.hw * parent.sin-rot + parent.hh * parent.cos-rot);
      |                                                                ^
  error: Element 'Path' does not have a property 'hh'
     --> /Users/jacobvaught/RUST/annotator/ui/appwindow.slint:148:81
      |
  148 |                             y: parent.cy + (parent.hw * parent.sin-rot + parent.hh * parent.cos-rot);
      |                                                                                 ^
  error: Element 'Path' does not have a property 'cos-rot'
     --> /Users/jacobvaught/RUST/annotator/ui/appwindow.slint:148:93
      |
  148 |                             y: parent.cy + (parent.hw * parent.sin-rot + parent.hh * parent.cos-rot);
      |                                                                                             ^
  error: Element 'Path' does not have a property 'cx'
     --> /Users/jacobvaught/RUST/annotator/ui/appwindow.slint:151:39
      |
  151 |                             x: parent.cx + (-parent.hw * parent.cos-rot - parent.hh * parent.sin-rot);
      |                                       ^
  error: Element 'Path' does not have a property 'hw'
     --> /Users/jacobvaught/RUST/annotator/ui/appwindow.slint:151:53
      |
  151 |                             x: parent.cx + (-parent.hw * parent.cos-rot - parent.hh * parent.sin-rot);
      |                                                     ^
  error: Element 'Path' does not have a property 'cos-rot'
     --> /Users/jacobvaught/RUST/annotator/ui/appwindow.slint:151:65
      |
  151 |                             x: parent.cx + (-parent.hw * parent.cos-rot - parent.hh * parent.sin-rot);
      |                                                                 ^
  error: Element 'Path' does not have a property 'hh'
     --> /Users/jacobvaught/RUST/annotator/ui/appwindow.slint:151:82
      |
  151 |                             x: parent.cx + (-parent.hw * parent.cos-rot - parent.hh * parent.sin-rot);
      |                                                                                  ^
  error: Element 'Path' does not have a property 'sin-rot'
     --> /Users/jacobvaught/RUST/annotator/ui/appwindow.slint:151:94
      |
  151 |                             x: parent.cx + (-parent.hw * parent.cos-rot - parent.hh * parent.sin-rot);
      |                                                                                              ^
  error: Element 'Path' does not have a property 'cy'
     --> /Users/jacobvaught/RUST/annotator/ui/appwindow.slint:152:39
      |
  152 |                             y: parent.cy + (-parent.hw * parent.sin-rot + parent.hh * parent.cos-rot);
      |                                       ^
  error: Element 'Path' does not have a property 'hw'
     --> /Users/jacobvaught/RUST/annotator/ui/appwindow.slint:152:53
      |
  152 |                             y: parent.cy + (-parent.hw * parent.sin-rot + parent.hh * parent.cos-rot);
      |                                                     ^
  error: Element 'Path' does not have a property 'sin-rot'
     --> /Users/jacobvaught/RUST/annotator/ui/appwindow.slint:152:65
      |
  152 |                             y: parent.cy + (-parent.hw * parent.sin-rot + parent.hh * parent.cos-rot);
      |                                                                 ^
  error: Element 'Path' does not have a property 'hh'
     --> /Users/jacobvaught/RUST/annotator/ui/appwindow.slint:152:82
      |
  152 |                             y: parent.cy + (-parent.hw * parent.sin-rot + parent.hh * parent.cos-rot);
      |                                                                                  ^
  error: Element 'Path' does not have a property 'cos-rot'
     --> /Users/jacobvaught/RUST/annotator/ui/appwindow.slint:152:94
      |
  152 |                             y: parent.cy + (-parent.hw * parent.sin-rot + parent.hh * parent.cos-rot);
      |                                                                                              ^


  thread 'main' panicked at build.rs:2:48:
  called `Result::unwrap()` on an `Err` value: CompileError(["/Users/jacobvaught/RUST/annotator/ui/appwindow.slint:139: Duplicated property binding", "/Users/jacobvaught/RUST/annotator/ui/appwindow.slint:121: Element 'Path' does not have a property 'cx'", "/Users/jacobvaught/RUST/annotator/ui/appwindow.slint:121: Element 'Path' does not have a property 'hw'", "/Users/jacobvaught/RUST/annotator/ui/appwindow.slint:121: Element 'Path' does not have a property 'cos-rot'", "/Users/jacobvaught/RUST/annotator/ui/appwindow.slint:121: Element 'Path' does not have a property 'hh'", "/Users/jacobvaught/RUST/annotator/ui/appwindow.slint:121: Element 'Path' does not have a property 'sin-rot'", "/Users/jacobvaught/RUST/annotator/ui/appwindow.slint:140: Element 'Path' does not have a property 'cy'", "/Users/jacobvaught/RUST/annotator/ui/appwindow.slint:140: Element 'Path' does not have a property 'hw'", "/Users/jacobvaught/RUST/annotator/ui/appwindow.slint:140: Element 'Path' does not have a property 'sin-rot'", "/Users/jacobvaught/RUST/annotator/ui/appwindow.slint:140: Element 'Path' does not have a property 'hh'", "/Users/jacobvaught/RUST/annotator/ui/appwindow.slint:140: Element 'Path' does not have a property 'cos-rot'", "/Users/jacobvaught/RUST/annotator/ui/appwindow.slint:143: Element 'Path' does not have a property 'cx'", "/Users/jacobvaught/RUST/annotator/ui/appwindow.slint:143: Element 'Path' does not have a property 'hw'", "/Users/jacobvaught/RUST/annotator/ui/appwindow.slint:143: Element 'Path' does not have a property 'cos-rot'", "/Users/jacobvaught/RUST/annotator/ui/appwindow.slint:143: Element 'Path' does not have a property 'hh'", "/Users/jacobvaught/RUST/annotator/ui/appwindow.slint:143: Element 'Path' does not have a property 'sin-rot'", "/Users/jacobvaught/RUST/annotator/ui/appwindow.slint:144: Element 'Path' does not have a property 'cy'", "/Users/jacobvaught/RUST/annotator/ui/appwindow.slint:144: Element 'Path' does not have a property 'hw'", "/Users/jacobvaught/RUST/annotator/ui/appwindow.slint:144: Element 'Path' does not have a property 'sin-rot'", "/Users/jacobvaught/RUST/annotator/ui/appwindow.slint:144: Element 'Path' does not have a property 'hh'", "/Users/jacobvaught/RUST/annotator/ui/appwindow.slint:144: Element 'Path' does not have a property 'cos-rot'", "/Users/jacobvaught/RUST/annotator/ui/appwindow.slint:147: Element 'Path' does not have a property 'cx'", "/Users/jacobvaught/RUST/annotator/ui/appwindow.slint:147: Element 'Path' does not have a property 'hw'", "/Users/jacobvaught/RUST/annotator/ui/appwindow.slint:147: Element 'Path' does not have a property 'cos-rot'", "/Users/jacobvaught/RUST/annotator/ui/appwindow.slint:147: Element 'Path' does not have a property 'hh'", "/Users/jacobvaught/RUST/annotator/ui/appwindow.slint:147: Element 'Path' does not have a property 'sin-rot'", "/Users/jacobvaught/RUST/annotator/ui/appwindow.slint:148: Element 'Path' does not have a property 'cy'", "/Users/jacobvaught/RUST/annotator/ui/appwindow.slint:148: Element 'Path' does not have a property 'hw'", "/Users/jacobvaught/RUST/annotator/ui/appwindow.slint:148: Element 'Path' does not have a property 'sin-rot'", "/Users/jacobvaught/RUST/annotator/ui/appwindow.slint:148: Element 'Path' does not have a property 'hh'", "/Users/jacobvaught/RUST/annotator/ui/appwindow.slint:148: Element 'Path' does not have a property 'cos-rot'", "/Users/jacobvaught/RUST/annotator/ui/appwindow.slint:151: Element 'Path' does not have a property 'cx'", "/Users/jacobvaught/RUST/annotator/ui/appwindow.slint:151: Element 'Path' does not have a property 'hw'", "/Users/jacobvaught/RUST/annotator/ui/appwindow.slint:151: Element 'Path' does not have a property 'cos-rot'", "/Users/jacobvaught/RUST/annotator/ui/appwindow.slint:151: Element 'Path' does not have a property 'hh'", "/Users/jacobvaught/RUST/annotator/ui/appwindow.slint:151: Element 'Path' does not have a property 'sin-rot'", "/Users/jacobvaught/RUST/annotator/ui/appwindow.slint:152: Element 'Path' does not have a property 'cy'", "/Users/jacobvaught/RUST/annotator/ui/appwindow.slint:152: Element 'Path' does not have a property 'hw'", "/Users/jacobvaught/RUST/annotator/ui/appwindow.slint:152: Element 'Path' does not have a property 'sin-rot'", "/Users/jacobvaught/RUST/annotator/ui/appwindow.slint:152: Element 'Path' does not have a property 'hh'", "/Users/jacobvaught/RUST/annotator/ui/appwindow.slint:152: Element 'Path' does not have a property 'cos-rot'"])
  note: run with `RUST_BACKTRACE=1` environment variable to display a backtrace
