   Compiling annotator v0.1.0 (/Users/jacobvaught/RUST/annotator)
error: failed to run custom build command for `annotator v0.1.0 (/Users/jacobvaught/RUST/annotator)`

Caused by:
  process didn't exit successfully: `/Users/jacobvaught/RUST/annotator/target/debug/build/annotator-ae3f39908ea609ca/build-script-build` (exit status: 101)
  --- stderr
  error: Cannot convert length to float. Divide by 1px to convert to a plain number
     --> /Users/jacobvaught/RUST/annotator/ui/appwindow.slint:121:32
      |
  121 |                             x: annotation-rect.cx + (-annotation-rect.hw * annotation-rect.cos-rot - -annotation-rect.hh * annotation-rect.sin-rot);
      |                                ^
  error: Cannot convert length to float. Divide by 1px to convert to a plain number
     --> /Users/jacobvaught/RUST/annotator/ui/appwindow.slint:122:32
      |
  122 |                             y: annotation-rect.cy + (-annotation-rect.hw * annotation-rect.sin-rot + -annotation-rect.hh * annotation-rect.cos-rot);
      |                                ^
  error: Cannot convert length to float. Divide by 1px to convert to a plain number
     --> /Users/jacobvaught/RUST/annotator/ui/appwindow.slint:125:32
      |
  125 |                             x: annotation-rect.cx + (annotation-rect.hw * annotation-rect.cos-rot - -annotation-rect.hh * annotation-rect.sin-rot);
      |                                ^
  error: Cannot convert length to float. Divide by 1px to convert to a plain number
     --> /Users/jacobvaught/RUST/annotator/ui/appwindow.slint:126:32
      |
  126 |                             y: annotation-rect.cy + (annotation-rect.hw * annotation-rect.sin-rot + -annotation-rect.hh * annotation-rect.cos-rot);
      |                                ^
  error: Cannot convert length to float. Divide by 1px to convert to a plain number
     --> /Users/jacobvaught/RUST/annotator/ui/appwindow.slint:129:32
      |
  129 |                             x: annotation-rect.cx + (annotation-rect.hw * annotation-rect.cos-rot - annotation-rect.hh * annotation-rect.sin-rot);
      |                                ^
  error: Cannot convert length to float. Divide by 1px to convert to a plain number
     --> /Users/jacobvaught/RUST/annotator/ui/appwindow.slint:130:32
      |
  130 |                             y: annotation-rect.cy + (annotation-rect.hw * annotation-rect.sin-rot + annotation-rect.hh * annotation-rect.cos-rot);
      |                                ^
  error: Cannot convert length to float. Divide by 1px to convert to a plain number
     --> /Users/jacobvaught/RUST/annotator/ui/appwindow.slint:133:32
      |
  133 |                             x: annotation-rect.cx + (-annotation-rect.hw * annotation-rect.cos-rot - annotation-rect.hh * annotation-rect.sin-rot);
      |                                ^
  error: Cannot convert length to float. Divide by 1px to convert to a plain number
     --> /Users/jacobvaught/RUST/annotator/ui/appwindow.slint:134:32
      |
  134 |                             y: annotation-rect.cy + (-annotation-rect.hw * annotation-rect.sin-rot + annotation-rect.hh * annotation-rect.cos-rot);
      |                                ^


  thread 'main' panicked at build.rs:2:48:
  called `Result::unwrap()` on an `Err` value: CompileError(["/Users/jacobvaught/RUST/annotator/ui/appwindow.slint:121: Cannot convert length to float. Divide by 1px to convert to a plain number", "/Users/jacobvaught/RUST/annotator/ui/appwindow.slint:122: Cannot convert length to float. Divide by 1px to convert to a plain number", "/Users/jacobvaught/RUST/annotator/ui/appwindow.slint:125: Cannot convert length to float. Divide by 1px to convert to a plain number", "/Users/jacobvaught/RUST/annotator/ui/appwindow.slint:126: Cannot convert length to float. Divide by 1px to convert to a plain number", "/Users/jacobvaught/RUST/annotator/ui/appwindow.slint:129: Cannot convert length to float. Divide by 1px to convert to a plain number", "/Users/jacobvaught/RUST/annotator/ui/appwindow.slint:130: Cannot convert length to float. Divide by 1px to convert to a plain number", "/Users/jacobvaught/RUST/annotator/ui/appwindow.slint:133: Cannot convert length to float. Divide by 1px to convert to a plain number", "/Users/jacobvaught/RUST/annotator/ui/appwindow.slint:134: Cannot convert length to float. Divide by 1px to convert to a plain number"])
  note: run with `RUST_BACKTRACE=1` environment variable to display a backtrace
